<?xml version="1.0" encoding="UTF-8"?>
<!-- Generated by org.testng.reporters.JUnitReportReporter -->
<testsuite hostname="DESKTOP-BR3APVB" failures="0" tests="1" name="filehandling.PropertiesFileDemo" time="0.020" errors="0" timestamp="2023-02-04T09:11:18 IST" skipped="0">
  <testcase classname="filehandling.PropertiesFileDemo" name="testPropertiesFile" time="0.020"/>
  <system-out/>
</testsuite> <!-- filehandling.PropertiesFileDemo -->
