<?xml version="1.0" encoding="UTF-8"?>
<!-- Generated by org.testng.reporters.JUnitReportReporter -->
<testsuite hostname="DESKTOP-BR3APVB" failures="0" tests="2" name="filehandling.FileWriterDemo" time="0.020" errors="0" timestamp="2023-02-04T09:11:18 IST" skipped="0">
  <testcase classname="filehandling.FileWriterDemo" name="testFileReader" time="0.015"/>
  <system-out/>
  <testcase classname="filehandling.FileWriterDemo" name="testFileWriter" time="0.005"/>
  <system-out/>
</testsuite> <!-- filehandling.FileWriterDemo -->
