<?xml version="1.0" encoding="UTF-8"?>
<!-- Generated by org.testng.reporters.JUnitReportReporter -->
<testsuite hostname="DESKTOP-BR3APVB" failures="0" tests="1" name="tests.AdminPageTests" time="20.759" errors="0" timestamp="2023-02-04T09:11:18 IST" skipped="0">
  <testcase classname="tests.AdminPageTests" name="verifySearchWithUserName" time="20.759"/>
  <system-out/>
</testsuite> <!-- tests.AdminPageTests -->
