<?xml version="1.0" encoding="UTF-8"?>
<!-- Generated by org.testng.reporters.JUnitReportReporter -->
<testsuite hostname="DESKTOP-BR3APVB" failures="0" tests="1" name="filehandling.FolderDemo" time="0.020" errors="0" timestamp="2023-02-03T09:41:10 IST" skipped="0">
  <testcase classname="filehandling.FolderDemo" name="createFolder" time="0.020"/>
  <system-out/>
</testsuite> <!-- filehandling.FolderDemo -->
